[2025-05-07 22:53:34] [/workspaces/CS190-ICE5] source .devcontainer/shell.sh
[2025-05-07 23:01:29] [/workspaces/CS190-ICE5] touch variable.sh
[2025-05-07 23:01:38] [/workspaces/CS190-ICE5] rm variable.sh 
[2025-05-07 23:01:49] [/workspaces/CS190-ICE5] touch variables.sh
[2025-05-07 23:15:10] [//] cd //
[2025-05-07 23:15:21] [//workspaces/CS190-ICE5] cd workspaces/CS190-ICE5/
[2025-05-07 23:31:58] [//workspaces/CS190-ICE5] chmod +x variables.sh 
[2025-05-07 23:32:08] [//workspaces/CS190-ICE5] ls
[2025-05-07 23:32:21] [//workspaces/CS190-ICE5] chmod +x variables.sh 
[2025-05-07 23:32:22] [//workspaces/CS190-ICE5] ls
[2025-05-07 23:32:51] [//workspaces/CS190-ICE5] ls -lta
[2025-05-07 23:34:23] [//workspaces/CS190-ICE5] ./variables.sh 
[2025-05-07 23:34:36] [//workspaces/CS190-ICE5] ./variables.sh 
[2025-05-07 23:34:58] [//workspaces/CS190-ICE5] ./variables.sh 
[2025-05-07 23:35:18] [//workspaces/CS190-ICE5] ./variables.sh 
[2025-05-07 23:37:16] [//workspaces/CS190-ICE5] ./variables.sh 
[2025-05-07 23:38:13] [//workspaces/CS190-ICE5] ./variables.sh 
[2025-05-07 23:38:27] [//workspaces/CS190-ICE5] ./variables.sh 
[2025-05-07 23:38:43] [//workspaces/CS190-ICE5] touch conditions.sh
[2025-05-07 23:39:10] [//workspaces/CS190-ICE5] chmod +x conditions.sh 
[2025-05-07 23:39:13] [//workspaces/CS190-ICE5] ls
[2025-05-07 23:39:58] [//workspaces/CS190-ICE5] ./conditions.sh 
[2025-05-07 23:41:03] [//workspaces/CS190-ICE5] ./conditions.sh 
[2025-05-07 23:41:10] [//workspaces/CS190-ICE5] ./conditions.sh 
[2025-05-07 23:43:19] [//workspaces/CS190-ICE5] ./conditions.sh 
[2025-05-07 23:44:46] [//workspaces/CS190-ICE5] ./conditions.sh 
